
> @ugc/web@0.0.0 build /Users/carlosvillu/Developer/__GARBAGE__/UGC_Ads/apps/web
> next build

▲ Next.js 16.2.10 (Turbopack)

  Creating an optimized production build ...
✓ Compiled successfully in 1766ms
  Running TypeScript ...
  Finished TypeScript in 2.7s ...
  Collecting page data using 6 workers ...
  Generating static pages using 6 workers (0/5) ...
  Generating static pages using 6 workers (1/5) 
  Generating static pages using 6 workers (2/5) 
  Generating static pages using 6 workers (3/5) 
✓ Generating static pages using 6 workers (5/5) in 356ms
  Finalizing page optimization ...

Route (app)
┌ ○ /
├ ○ /_not-found
├ ƒ /api/health
└ ○ /design-system


○  (Static)   prerendered as static content
ƒ  (Dynamic)  server-rendered on demand

