2026-07-16T12:46:16Z INF Thank you for trying Cloudflare Tunnel. Doing so, without a Cloudflare account, is a quick way to experiment and try it out. However, be aware that these account-less Tunnels have no uptime guarantee, are subject to the Cloudflare Online Services Terms of Use (https://www.cloudflare.com/website-terms/), and Cloudflare reserves the right to investigate your use of Tunnels for violations of such terms. If you intend to use Tunnels in production you should use a pre-created named tunnel by following: https://developers.cloudflare.com/cloudflare-one/connections/connect-apps
2026-07-16T12:46:16Z INF Requesting new quick Tunnel on trycloudflare.com...
2026-07-16T12:46:21Z INF +--------------------------------------------------------------------------------------------+
2026-07-16T12:46:21Z INF |  Your quick Tunnel has been created! Visit it at (it may take some time to be reachable):  |
2026-07-16T12:46:21Z INF |  https://mixture-county-strongly-rendered.trycloudflare.com                                |
2026-07-16T12:46:21Z INF +--------------------------------------------------------------------------------------------+
2026-07-16T12:46:21Z INF Cannot determine default configuration path. No file [config.yml config.yaml] in [~/.cloudflared ~/.cloudflare-warp ~/cloudflare-warp /etc/cloudflared /usr/local/etc/cloudflared]
2026-07-16T12:46:21Z INF Version 2026.5.2 (Checksum f00e899f64857ca4dc2e4a25a84953d9bc5d0ed138069e3be4bc680bb8df35f3)
2026-07-16T12:46:21Z INF GOOS: darwin, GOVersion: go1.26.3, GoArch: arm64
2026-07-16T12:46:21Z INF Settings: map[ha-connections:1 protocol:quic url:http://localhost:8799]
2026-07-16T12:46:21Z INF cloudflared will not automatically update if installed by a package manager.
2026-07-16T12:46:21Z INF Generated Connector ID: 32fac266-a729-4f03-b7e1-1cb1aba36832
2026-07-16T12:46:21Z INF Initial protocol quic
2026-07-16T12:46:21Z INF ICMP proxy will use 192.168.1.132 as source for IPv4
2026-07-16T12:46:21Z INF ICMP proxy will use fe80::149a:af41:e167:887 in zone en0 as source for IPv6
2026-07-16T12:46:21Z INF Created ICMP proxy listening on 192.168.1.132:0
2026-07-16T12:46:21Z INF ICMP proxy will use 192.168.1.132 as source for IPv4
2026-07-16T12:46:21Z INF ICMP proxy will use fe80::149a:af41:e167:887 in zone en0 as source for IPv6
2026-07-16T12:46:21Z INF Starting metrics server on 127.0.0.1:20242/metrics
2026-07-16T12:46:21Z INF Tunnel connection curve preferences: [X25519MLKEM768 CurveID(65074) CurveP256] connIndex=0 event=0 ip=198.41.192.77
2026-07-16T12:46:22Z INF Registered tunnel connection connIndex=0 connection=09d61d48-e137-46a6-962a-a7336880044d event=0 ip=198.41.192.77 location=mad06 protocol=quic
2026-07-16T12:46:27Z INF +-------------------------------------------------------------------------------------+
2026-07-16T12:46:27Z INF |                               CONNECTIVITY PRE-CHECKS                               |
2026-07-16T12:46:27Z INF +-------------------------------------------------------------------------------------+
2026-07-16T12:46:27Z INF |  COMPONENT         TARGET                     STATUS  DETAILS                       |
2026-07-16T12:46:27Z INF |  DNS Resolution    region1.v2.argotunnel.com  PASS    DNS Resolved successfully     |
2026-07-16T12:46:27Z INF |  DNS Resolution    region2.v2.argotunnel.com  PASS    DNS Resolved successfully     |
2026-07-16T12:46:27Z INF |  UDP Connectivity  region1.v2.argotunnel.com  PASS    QUIC connection successful    |
2026-07-16T12:46:27Z INF |  UDP Connectivity  region2.v2.argotunnel.com  PASS    QUIC connection successful    |
2026-07-16T12:46:27Z INF |  TCP Connectivity  region1.v2.argotunnel.com  PASS    HTTP/2 connection successful  |
2026-07-16T12:46:27Z INF |  TCP Connectivity  region2.v2.argotunnel.com  PASS    HTTP/2 connection successful  |
2026-07-16T12:46:27Z INF |  Cloudflare API    api.cloudflare.com:443     PASS    API is reachable              |
2026-07-16T12:46:27Z INF |                                                                                     |
2026-07-16T12:46:27Z INF |  SUMMARY: Environment is healthy. cloudflared will use 'quic' as primary protocol.  |
2026-07-16T12:46:27Z INF +-------------------------------------------------------------------------------------+
2026-07-16T12:46:27Z INF precheck component="DNS Resolution" details="DNS Resolved successfully" run_id=b863ee2c-74d0-453e-aedb-66c1a68ac192 status=pass target=region1.v2.argotunnel.com
2026-07-16T12:46:27Z INF precheck component="DNS Resolution" details="DNS Resolved successfully" run_id=b863ee2c-74d0-453e-aedb-66c1a68ac192 status=pass target=region2.v2.argotunnel.com
2026-07-16T12:46:27Z INF precheck component="UDP Connectivity" details="QUIC connection successful" run_id=b863ee2c-74d0-453e-aedb-66c1a68ac192 status=pass target=region1.v2.argotunnel.com
2026-07-16T12:46:27Z INF precheck component="UDP Connectivity" details="QUIC connection successful" run_id=b863ee2c-74d0-453e-aedb-66c1a68ac192 status=pass target=region2.v2.argotunnel.com
2026-07-16T12:46:27Z INF precheck component="TCP Connectivity" details="HTTP/2 connection successful" run_id=b863ee2c-74d0-453e-aedb-66c1a68ac192 status=pass target=region1.v2.argotunnel.com
2026-07-16T12:46:27Z INF precheck component="TCP Connectivity" details="HTTP/2 connection successful" run_id=b863ee2c-74d0-453e-aedb-66c1a68ac192 status=pass target=region2.v2.argotunnel.com
2026-07-16T12:46:27Z INF precheck component="Cloudflare API" details="API is reachable" run_id=b863ee2c-74d0-453e-aedb-66c1a68ac192 status=pass target=api.cloudflare.com:443
2026-07-16T12:46:27Z INF precheck complete hard_fail=false run_id=b863ee2c-74d0-453e-aedb-66c1a68ac192 suggested_protocol=quic
2026-07-16T13:03:31Z INF Initiating graceful shutdown due to signal terminated ...
2026-07-16T13:03:31Z ERR failed to run the datagram handler error="Application error 0x0 (remote)" connIndex=0 event=0 ip=198.41.192.77
2026-07-16T13:03:31Z ERR failed to serve tunnel connection error="accept stream listener encountered a failure while serving" connIndex=0 event=0 ip=198.41.192.77
2026-07-16T13:03:31Z ERR Serve tunnel error error="accept stream listener encountered a failure while serving" connIndex=0 event=0 ip=198.41.192.77
2026-07-16T13:03:31Z INF Retrying connection in up to 1s connIndex=0 event=0 ip=198.41.192.77
2026-07-16T13:03:31Z ERR Connection terminated connIndex=0
2026-07-16T13:03:31Z ERR no more connections active and exiting
2026-07-16T13:03:31Z INF Tunnel server stopped
2026-07-16T13:03:31Z INF Metrics server stopped
