
> ugc-factory@0.0.0 gate /Users/carlosvillu/Developer/__GARBAGE__/UGC_Ads
> pnpm lint && pnpm typecheck && pnpm format:check && pnpm knip && pnpm readme:status:check && pnpm test


> ugc-factory@0.0.0 lint /Users/carlosvillu/Developer/__GARBAGE__/UGC_Ads
> eslint .


/Users/carlosvillu/Developer/__GARBAGE__/UGC_Ads/apps/web/e2e/runs-canvas.spec.ts
   52:3  warning  Test has no assertions  playwright/expect-expect
   69:3  warning  Test has no assertions  playwright/expect-expect
   79:3  warning  Test has no assertions  playwright/expect-expect
  126:3  warning  Test has no assertions  playwright/expect-expect
  254:3  warning  Test has no assertions  playwright/expect-expect

/Users/carlosvillu/Developer/__GARBAGE__/UGC_Ads/apps/web/src/components/checkpoints/brief-editor.tsx
  325:23  warning  Compilation Skipped: Use of incompatible library

This API returns functions which cannot be memoized without leading to stale UI. To prevent this, by default React Compiler will skip memoizing this component/hook. However, you may see issues if values from this API are passed to other components/hooks that are memoized.

/Users/carlosvillu/Developer/__GARBAGE__/UGC_Ads/apps/web/src/components/checkpoints/brief-editor.tsx:325:23
  323 |   }
  324 |
> 325 |   const productName = watch('product.name');
      |                       ^^^^^ React Hook Form's `useForm()` API returns a `watch()` function which cannot be memoized safely.
  326 |
  327 |   return (
  328 |     <form  react-hooks/incompatible-library

/Users/carlosvillu/Developer/__GARBAGE__/UGC_Ads/apps/web/src/components/design-system/overlay-specimens.tsx
  399:11  warning  Image elements must have an alt prop, either with meaningful text, or an empty string for decorative images  jsx-a11y/alt-text
  413:11  warning  Image elements must have an alt prop, either with meaningful text, or an empty string for decorative images  jsx-a11y/alt-text
  417:11  warning  Image elements must have an alt prop, either with meaningful text, or an empty string for decorative images  jsx-a11y/alt-text

/Users/carlosvillu/Developer/__GARBAGE__/UGC_Ads/apps/web/src/components/gallery/new-template-form.tsx
  43:16  warning  Compilation Skipped: Use of incompatible library

This API returns functions which cannot be memoized without leading to stale UI. To prevent this, by default React Compiler will skip memoizing this component/hook. However, you may see issues if values from this API are passed to other components/hooks that are memoized.

/Users/carlosvillu/Developer/__GARBAGE__/UGC_Ads/apps/web/src/components/gallery/new-template-form.tsx:43:16
  41 |   const { errors, isSubmitting } = formState;
  42 |
> 43 |   const body = watch('body');
     |                ^^^^^ React Hook Form's `useForm()` API returns a `watch()` function which cannot be memoized safely.
  44 |   const invalid = invalidBodySlots(body);
  45 |   const hasInvalid = invalid.length > 0;
  46 |  react-hooks/incompatible-library

/Users/carlosvillu/Developer/__GARBAGE__/UGC_Ads/apps/web/src/components/intake/intake-form.tsx
  72:39  warning  Compilation Skipped: Use of incompatible library

This API returns functions which cannot be memoized without leading to stale UI. To prevent this, by default React Compiler will skip memoizing this component/hook. However, you may see issues if values from this API are passed to other components/hooks that are memoized.

/Users/carlosvillu/Developer/__GARBAGE__/UGC_Ads/apps/web/src/components/intake/intake-form.tsx:72:39
  70 |   const { errors, isSubmitting } = formState;
  71 |
> 72 |   const imageRefs: IntakeImageRef[] = watch('imageRefs') ?? [];
     |                                       ^^^^^ React Hook Form's `useForm()` API returns a `watch()` function which cannot be memoized safely.
  73 |   const [uploadError, setUploadError] = useState<string | null>(null);
  74 |   const [uploading, setUploading] = useState(false);
  75 |   // Idioma del ANÁLISIS (config de N3). No es parte de `ManualIntakeConfigSchema` —  react-hooks/incompatible-library

/Users/carlosvillu/Developer/__GARBAGE__/UGC_Ads/apps/web/src/components/ui/image.test.tsx
  129:12  warning  Image elements must have an alt prop, either with meaningful text, or an empty string for decorative images  jsx-a11y/alt-text

/Users/carlosvillu/Developer/__GARBAGE__/UGC_Ads/packages/core/src/analyze/rescale.test.ts
  5:8  warning  Using exported name 'sharp' as identifier for default export  import-x/no-named-as-default

/Users/carlosvillu/Developer/__GARBAGE__/UGC_Ads/packages/core/src/analyze/rescale.ts
  9:8  warning  Using exported name 'sharp' as identifier for default export  import-x/no-named-as-default

/Users/carlosvillu/Developer/__GARBAGE__/UGC_Ads/packages/core/src/analyze/visual-analyzer.test.ts
  6:8  warning  Using exported name 'sharp' as identifier for default export  import-x/no-named-as-default

/Users/carlosvillu/Developer/__GARBAGE__/UGC_Ads/packages/core/src/contracts/product-brief.json-schema.test.ts
  7:8  warning  Using exported name 'Ajv2020' as identifier for default export  import-x/no-named-as-default

/Users/carlosvillu/Developer/__GARBAGE__/UGC_Ads/packages/core/src/generation/fal-webhook.fixture.test.ts
  25:6  warning  Disabled test - if you want to skip a test temporarily, use .todo() instead  vitest/no-disabled-tests

/Users/carlosvillu/Developer/__GARBAGE__/UGC_Ads/packages/core/src/persona/contracts.ts
   42:6  warning  'VoiceRef' is defined but never used. Allowed unused vars must match /^_/u          unused-imports/no-unused-vars
   59:6  warning  'VoiceMap' is defined but never used. Allowed unused vars must match /^_/u          unused-imports/no-unused-vars
  167:6  warning  'PersonaCandidate' is defined but never used. Allowed unused vars must match /^_/u  unused-imports/no-unused-vars

/Users/carlosvillu/Developer/__GARBAGE__/UGC_Ads/packages/core/src/persona/reference-image.ts
  17:8  warning  Using exported name 'sharp' as identifier for default export  import-x/no-named-as-default

/Users/carlosvillu/Developer/__GARBAGE__/UGC_Ads/packages/services/test/integration/visual-analyze.test.ts
  13:8  warning  Using exported name 'sharp' as identifier for default export  import-x/no-named-as-default

/Users/carlosvillu/Developer/__GARBAGE__/UGC_Ads/packages/test-utils/src/image-fixtures.ts
  14:8  warning  Using exported name 'sharp' as identifier for default export  import-x/no-named-as-default

/Users/carlosvillu/Developer/__GARBAGE__/UGC_Ads/scripts/readme-status.mjs
  115:23  warning  Caution: `prettier` also has a named export `resolveConfig`. Check if you meant to write `import {resolveConfig} from 'prettier'` instead  import-x/no-named-as-default-member
  116:20  warning  Caution: `prettier` also has a named export `format`. Check if you meant to write `import {format} from 'prettier'` instead                import-x/no-named-as-default-member

✖ 25 problems (0 errors, 25 warnings)


> ugc-factory@0.0.0 typecheck /Users/carlosvillu/Developer/__GARBAGE__/UGC_Ads
> tsc --noEmit && pnpm -r --parallel typecheck

Scope: 6 of 7 workspace projects
apps/worker typecheck$ tsc --noEmit
apps/web typecheck$ tsc --noEmit
packages/core typecheck$ tsc --noEmit
packages/db typecheck$ tsc --noEmit
packages/services typecheck$ tsc --noEmit
packages/test-utils typecheck$ tsc --noEmit
apps/web typecheck: Done
packages/test-utils typecheck: Done
apps/worker typecheck: Done
packages/services typecheck: Done
packages/db typecheck: Done
packages/core typecheck: Done

> ugc-factory@0.0.0 format:check /Users/carlosvillu/Developer/__GARBAGE__/UGC_Ads
> prettier --check .

Checking formatting...
All matched files use Prettier code style!

> ugc-factory@0.0.0 knip /Users/carlosvillu/Developer/__GARBAGE__/UGC_Ads
> knip

Configuration hints (1)
src/golden.ts  packages/test-utils  knip.json  Remove from ignore

> ugc-factory@0.0.0 readme:status:check /Users/carlosvillu/Developer/__GARBAGE__/UGC_Ads
> node scripts/readme-status.mjs --check

readme:status — la tabla del README coincide con planning.md ✓

> ugc-factory@0.0.0 test /Users/carlosvillu/Developer/__GARBAGE__/UGC_Ads
> vitest run --project '*:unit' --project '*:integration'


 RUN  v4.1.10 /Users/carlosvillu/Developer/__GARBAGE__/UGC_Ads

(node:9659) DeprecationWarning: Calling client.query() when the client is already executing a query is deprecated and will be removed in pg@9.0. Use async/await or an external async flow control mechanism instead.
(Use `node --trace-deprecation ...` to show where the warning was created)
 ❯ |web:integration| test/integration/server/sse-contract.test.ts (2 tests | 2 skipped) 2641ms

⎯⎯⎯⎯⎯⎯ Failed Suites 1 ⎯⎯⎯⎯⎯⎯⎯

 FAIL  |web:integration| test/integration/server/sse-contract.test.ts [ apps/web/test/integration/server/sse-contract.test.ts ]
Error: next dev murió durante el arranque (code 1):
▲ Next.js 16.2.10 (Turbopack)
- Local:         http://localhost:3506
- Network:       http://192.168.1.132:3506
✓ Ready in 590ms
⨯ Another next dev server is already running.

- Local:        http://localhost:3000
- PID:          8191
- Dir:          /Users/carlosvillu/Developer/__GARBAGE__/UGC_Ads/apps/web
- Log:          .next/dev/logs/next-development.log

Run kill 8191 to stop it.
[?25h

 ❯ startWebServer test/helpers/server.ts:81:13
     79|   for (;;) {
     80|     if (proc.exitCode !== null) {
     81|       throw new Error(
       |             ^
     82|         `next dev murió durante el arranque (code ${String(proc.exitCo…
     83|       );
 ❯ test/integration/server/sse-contract.test.ts:71:12

⎯⎯⎯⎯⎯⎯⎯⎯⎯⎯⎯⎯⎯⎯⎯⎯⎯⎯⎯⎯⎯⎯⎯⎯[1/2]⎯

 FAIL  |web:integration| test/integration/server/sse-contract.test.ts [ apps/web/test/integration/server/sse-contract.test.ts ]
TypeError: Cannot read properties of undefined (reading 'stop')
 ❯ test/integration/server/sse-contract.test.ts:81:16
     79|   // LISTEN) ANTES de parar boss / dropear la BD, o el DROP DATABASE s…
     80|   // por la conexión viva del subproceso.
     81|   await server.stop();
       |                ^
     82|   const stopped = new Promise<void>((resolve) => {
     83|     boss.once('stopped', () => {

⎯⎯⎯⎯⎯⎯⎯⎯⎯⎯⎯⎯⎯⎯⎯⎯⎯⎯⎯⎯⎯⎯⎯⎯[2/2]⎯


 Test Files  1 failed | 159 passed | 1 skipped (161)
      Tests  1742 passed | 3 skipped (1745)
   Start at  14:46:36
   Duration  71.03s (transform 47.01s, setup 4.31s, import 166.61s, tests 125.37s, environment 21.23s)

 ELIFECYCLE  Test failed. See above for more details.
 ELIFECYCLE  Command failed with exit code 1.
GATE EXIT: 1
